{"name":"thisFaillingTest","id":"junit.FirstSenerityApp:thisFaillingTest","testCaseName":"junit.FirstSenerityApp","testSteps":[{"number":1,"description":"GET http://localhost:8080/student/list/list\r","duration":0,"startTime":"2021-04-04T15:03:39.473+07:00[Asia/Bangkok]","result":"SUCCESS","restQuery":{"method":"GET","path":"http://localhost:8080/student/list/list\r","content":"\r","contentType":"null","requestHeaders":"Accept\u003d*/*\r","requestCookies":"\r","responseHeaders":"Content-Type: application/json;charset\u003dUTF-8\r\nTransfer-Encoding: chunked\r\nDate: Sun, 04 Apr 2021 08:03:39 GMT\r","responseCookies":"\r","responseBody":"{\n    \"timestamp\": 1617523419470,\n    \"status\": 404,\n    \"error\": \"Not Found\",\n    \"message\": \"No message available\",\n    \"path\": \"/student/list/list\"\n}","statusCode":404},"precondition":false,"level":0}],"userStory":{"id":"junit.FirstSenerityApp","storyName":"First senerity app","storyClassName":"junit.FirstSenerityApp","path":"junit","type":"story"},"featureTag":{"name":"Junit/First senerity app","type":"story","displayName":"Junit/First senerity app"},"title":"This failling test","tags":[{"name":"Junit/First senerity app","type":"story","displayName":"Junit/First senerity app"}],"startTime":"2021-04-04T15:03:39.433+07:00[Asia/Bangkok]","duration":76,"testFailureCause":{"errorType":"java.lang.AssertionError","message":"1 expectation failed.\nExpected status code \u003c500\u003e but was \u003c404\u003e.\n","stackTrace":[{"declaringClass":"io.restassured.internal.ResponseSpecificationImpl","methodName":"validateResponseIfRequired","fileName":"ResponseSpecificationImpl.groovy","lineNumber":674},{"declaringClass":"io.restassured.internal.ResponseSpecificationImpl","methodName":"statusCode","fileName":"ResponseSpecificationImpl.groovy","lineNumber":126},{"declaringClass":"io.restassured.internal.ResponseSpecificationImpl","methodName":"statusCode","fileName":"ResponseSpecificationImpl.groovy","lineNumber":134},{"declaringClass":"io.restassured.internal.ValidatableResponseOptionsImpl","methodName":"statusCode","fileName":"ValidatableResponseOptionsImpl.java","lineNumber":89},{"declaringClass":"io.restassured.internal.ValidatableResponseImpl","methodName":"super$2$statusCode","fileName":"ValidatableResponseImpl.groovy","lineNumber":-1},{"declaringClass":"groovy.lang.MetaMethod","methodName":"doMethodInvoke","fileName":"MetaMethod.java","lineNumber":323},{"declaringClass":"groovy.lang.MetaClassImpl","methodName":"invokeMethod","fileName":"MetaClassImpl.java","lineNumber":1268},{"declaringClass":"io.restassured.internal.ValidatableResponseImpl","methodName":"statusCode","fileName":"ValidatableResponseImpl.groovy","lineNumber":142},{"declaringClass":"io.restassured.internal.ValidatableResponseImpl","methodName":"statusCode","fileName":"ValidatableResponseImpl.groovy","lineNumber":-1},{"declaringClass":"junit.FirstSenerityApp","methodName":"thisFaillingTest","fileName":"FirstSenerityApp.java","lineNumber":25}]},"testFailureClassname":"java.lang.AssertionError","testFailureMessage":"1 expectation failed.\nExpected status code \u003c500\u003e but was \u003c404\u003e.\n","testFailureSummary":"FAILURE;java.lang.AssertionError;1 expectation failed.\nExpected status code \u003c500\u003e but was \u003c404\u003e.\n;ResponseSpecificationImpl.groovy","projectKey":"","annotatedResult":"FAILURE","isManualTestingUpToDate":false,"manual":false,"testSource":"JUnit","order":0,"result":"FAILURE"}