<?xml version="1.0" encoding="UTF-8"?><testsuite errors="0" failures="1" name="junit.FirstSenerityApp" skipped="2" tests="4" time="3.04" timestamp="2021-04-04 03:03:36"><testcase classname="junit.FirstSenerityApp" name="Get all student"/><testcase classname="junit.FirstSenerityApp" name="This failling test"><failure message="1 expectation failed.&#10;Expected status code &lt;500&gt; but was &lt;404&gt;.&#10;" type="java.lang.AssertionError">1 expectation failed.
Expected status code &lt;500&gt; but was &lt;404&gt;.
</failure><system-err>1 expectation failed.
Expected status code &lt;500&gt; but was &lt;404&gt;.
&#13;
io.restassured.internal.ResponseSpecificationImpl.validateResponseIfRequired(ResponseSpecificationImpl.groovy:674)&#13;
io.restassured.internal.ResponseSpecificationImpl.statusCode(ResponseSpecificationImpl.groovy:126)&#13;
io.restassured.internal.ResponseSpecificationImpl.statusCode(ResponseSpecificationImpl.groovy:134)&#13;
io.restassured.internal.ValidatableResponseOptionsImpl.statusCode(ValidatableResponseOptionsImpl.java:89)&#13;
io.restassured.internal.ValidatableResponseImpl.super$2$statusCode(ValidatableResponseImpl.groovy)&#13;
groovy.lang.MetaMethod.doMethodInvoke(MetaMethod.java:323)&#13;
groovy.lang.MetaClassImpl.invokeMethod(MetaClassImpl.java:1268)&#13;
io.restassured.internal.ValidatableResponseImpl.statusCode(ValidatableResponseImpl.groovy:142)&#13;
io.restassured.internal.ValidatableResponseImpl.statusCode(ValidatableResponseImpl.groovy)&#13;
junit.FirstSenerityApp.thisFaillingTest(FirstSenerityApp.java:25)&#13;
</system-err></testcase><testcase classname="junit.FirstSenerityApp" name="This skip test"><skipped/></testcase><testcase classname="junit.FirstSenerityApp" name="This pending test"><skipped/></testcase></testsuite>